<?xml version="1.0" encoding="UTF-8"?>
<!-- Generated by org.testng.reporters.JUnitReportReporter -->
<testsuite hostname="DESKTOP-855BLG6" failures="0" tests="6" name="testPackage.PolicyBazzarTestClass" time="87.413" errors="0" timestamp="2023-08-26T14:45:56 IST" skipped="0">
  <testcase classname="testPackage.PolicyBazzarTestClass" name="loginToPolicyBazzar" time="36.515"/>
  <system-out/>
  <testcase classname="testPackage.PolicyBazzarTestClass" name="loginToPolicyBazzar" time="34.783"/>
  <system-out/>
  <testcase classname="testPackage.PolicyBazzarTestClass" name="validateUsername" time="6.225"/>
  <system-out/>
  <testcase classname="testPackage.PolicyBazzarTestClass" name="validateUsername" time="6.159"/>
  <system-out/>
  <testcase classname="testPackage.PolicyBazzarTestClass" name="logoutFrompolicyBazzar" time="2.228"/>
  <system-out/>
  <testcase classname="testPackage.PolicyBazzarTestClass" name="logoutFrompolicyBazzar" time="1.503"/>
  <system-out/>
</testsuite> <!-- testPackage.PolicyBazzarTestClass -->
